{"name": "test_register2[chromium]", "status": "failed", "statusDetails": {"message": "AssertionError: Locator expected to have text 'Иванов Иван Иванович'\nActual value: None\nError: element(s) not found \nCall log:\n  - Expect \"to_have_text\" with timeout 5000ms\n  - waiting for locator(\"//span[text()='Иванов Иван Иванович']\")", "trace": "chromium_page_with_state = <Page url='http://10.250.24.48:30808/auth/login'>\n\n    @allure.description(\"MyNalog\")\n    def test_register2(chromium_page_with_state):\n        res_register_my_nalog = MyNalogRes(chromium_page_with_state)\n>       res_register_my_nalog.my_nalog_res_avtorazacia()\n\ntests\\test_my_nalog_avtorizacia_res.py:12: \n_ _ _ _ _ _ _ _ _ _ _ _ _ _ _ _ _ _ _ _ _ _ _ _ _ _ _ _ _ _ _ _ _ _ _ _ _ _ _ _\n\nself = <pages.my_nalog_avtorizacia_res.MyNalogRes object at 0x00000288EDCD5E80>\n\n    def my_nalog_res_avtorazacia(self):\n        with allure.step(\"avtorizacia\"):\n            Logger.add_start_step(method='register')\n            self.browser.goto(self.url, wait_until='networkidle')\n            # self.page.set_viewport_size({\"width\": 1900, \"height\": 1040})\n>           expect(self.get_user_name()).to_have_text(\"Иванов Иван Иванович\")\nE           AssertionError: Locator expected to have text 'Иванов Иван Иванович'\nE           Actual value: None\nE           Error: element(s) not found \nE           Call log:\nE             - Expect \"to_have_text\" with timeout 5000ms\nE             - waiting for locator(\"//span[text()='Иванов Иван Иванович']\")\n\npages\\my_nalog_avtorizacia_res.py:30: AssertionError"}, "description": "MyNalog", "steps": [{"name": "avtorizacia", "status": "failed", "statusDetails": {"message": "AssertionError: Locator expected to have text 'Иванов Иван Иванович'\nActual value: None\nError: element(s) not found \nCall log:\n  - Expect \"to_have_text\" with timeout 5000ms\n  - waiting for locator(\"//span[text()='Иванов Иван Иванович']\")\n\n", "trace": "  File \"C:\\Users\\d.milyakova\\Desktop\\autotests_ui_pw\\pythonProject\\pages\\my_nalog_avtorizacia_res.py\", line 30, in my_nalog_res_avtorazacia\n    expect(self.get_user_name()).to_have_text(\"Иванов Иван Иванович\")\n    ~~~~~~~~~~~~~~~~~~~~~~~~~~~~~~~~~~~~~~~~~^^^^^^^^^^^^^^^^^^^^^^^^\n  File \"C:\\Users\\d.milyakova\\Desktop\\autotests_ui_pw\\pythonProject\\.venv\\Lib\\site-packages\\playwright\\sync_api\\_generated.py\", line 20011, in to_have_text\n    self._sync(\n    ~~~~~~~~~~^\n        self._impl_obj.to_have_text(\n        ^^^^^^^^^^^^^^^^^^^^^^^^^^^^\n    ...<4 lines>...\n        )\n        ^\n    )\n    ^\n  File \"C:\\Users\\d.milyakova\\Desktop\\autotests_ui_pw\\pythonProject\\.venv\\Lib\\site-packages\\playwright\\_impl\\_sync_base.py\", line 115, in _sync\n    return task.result()\n           ~~~~~~~~~~~^^\n  File \"C:\\Users\\d.milyakova\\Desktop\\autotests_ui_pw\\pythonProject\\.venv\\Lib\\site-packages\\playwright\\_impl\\_assertions.py\", line 561, in to_have_text\n    await self._expect_impl(\n    ...<9 lines>...\n    )\n  File \"C:\\Users\\d.milyakova\\Desktop\\autotests_ui_pw\\pythonProject\\.venv\\Lib\\site-packages\\playwright\\_impl\\_assertions.py\", line 85, in _expect_impl\n    raise AssertionError(\n        f\"{out_message}\\nActual value: {actual}{error_message} {format_call_log(result.get('log'))}\"\n    )\n"}, "start": 1769021619681, "stop": 1769021626820}], "parameters": [{"name": "chromium_page_with_state", "value": "'Browser.CHROMIUM'"}], "start": 1769021619681, "stop": 1769021626822, "uuid": "3bc8ef8b-b6f6-46a3-8614-f57195b96ad4", "historyId": "e38b053997ec2ad93e85e1c084eacf8f", "testCaseId": "636b7dadc1d3a250a3063db5d6534265", "fullName": "tests.test_my_nalog_avtorizacia_res#test_register2", "labels": [{"name": "parentSuite", "value": "tests"}, {"name": "suite", "value": "test_my_nalog_avtorizacia_res"}, {"name": "host", "value": "dmilyakova"}, {"name": "thread", "value": "30376-MainThread"}, {"name": "framework", "value": "pytest"}, {"name": "language", "value": "cpython3"}, {"name": "package", "value": "tests.test_my_nalog_avtorizacia_res"}], "titlePath": ["tests", "test_my_nalog_avtorizacia_res.py"]}