{"name": "test_rerun_with_condition", "status": "failed", "statusDetails": {"message": "AssertionError: assert False\n +  where False = choice([True, False])\n +    where choice = random.choice", "trace": "@pytest.mark.flaky(reruns=3, reruns_delay=2, condition=sys.platform.startswith(\"win32\"))  # Перезапуск при выполнении условия\n    def test_rerun_with_condition():\n>       assert random.choice([True, False])\nE       assert False\nE        +  where False = choice([True, False])\nE        +    where choice = random.choice\n\ntests\\test_reruns.py:15: AssertionError"}, "start": 1766084210299, "stop": 1766084210299, "uuid": "ffb2be2f-c1b8-4c75-8c1f-e46e47aba0a7", "historyId": "907a6004844d55d675266869fb23d253", "testCaseId": "907a6004844d55d675266869fb23d253", "fullName": "tests.test_reruns#test_rerun_with_condition", "labels": [{"name": "parentSuite", "value": "tests"}, {"name": "suite", "value": "test_reruns"}, {"name": "host", "value": "dmilyakova"}, {"name": "thread", "value": "25684-MainThread"}, {"name": "framework", "value": "pytest"}, {"name": "language", "value": "cpython3"}, {"name": "package", "value": "tests.test_reruns"}], "titlePath": ["tests", "test_reruns.py"]}