{"name": "test_number[-1]", "status": "failed", "statusDetails": {"message": "AssertionError: assert -1 > 0", "trace": "number = -1\n\n    @pytest.mark.parametrize('number', [1, 2, 3, -1])\n    def test_number(number: int):\n>       assert number > 0\nE       assert -1 > 0\n\ntests\\test_parametrization.py:5: AssertionError"}, "parameters": [{"name": "number", "value": "-1"}], "start": 1766904223898, "stop": 1766904223898, "uuid": "a903a0b5-c212-4624-82ff-9a65e3c1dc41", "historyId": "939640356c9b0f9e1a5f10d56d903fcb", "testCaseId": "12c1217f4a50cfa1c6c8c8e366ef17f8", "fullName": "tests.test_parametrization#test_number", "labels": [{"name": "parentSuite", "value": "tests"}, {"name": "suite", "value": "test_parametrization"}, {"name": "host", "value": "dmilyakova"}, {"name": "thread", "value": "20400-MainThread"}, {"name": "framework", "value": "pytest"}, {"name": "language", "value": "cpython3"}, {"name": "package", "value": "tests.test_parametrization"}], "titlePath": ["tests", "test_parametrization.py"]}